Consider installing rusty-rlp to improve pyrlp performance with a rust basedbackend. Not currently functional for Python 3.11
Setting up Web3 and contract instance
Initializing Web3 with HTTPProvider at URL: https://sepolia.infura.io/v3/9301610ed4c24693b985f80eda16eb67/
Making request. Method: eth_accounts
Making request HTTP. URI: https://sepolia.infura.io/v3/9301610ed4c24693b985f80eda16eb67/, Method: eth_accounts
Session cached: https://sepolia.infura.io/v3/9301610ed4c24693b985f80eda16eb67/, <requests.sessions.Session object at 0x7f74901843b0>
Starting new HTTPS connection (1): sepolia.infura.io:443
https://sepolia.infura.io:443 "POST /v3/9301610ed4c24693b985f80eda16eb67/ HTTP/1.1" 401 31
Consider installing rusty-rlp to improve pyrlp performance with a rust basedbackend. Not currently functional for Python 3.11
Consider installing rusty-rlp to improve pyrlp performance with a rust basedbackend. Not currently functional for Python 3.11
Consider installing rusty-rlp to improve pyrlp performance with a rust basedbackend. Not currently functional for Python 3.11
Setting up Web3 and contract instance
Initializing Web3 with HTTPProvider at URL: https://sepolia.infura.io/v3/9301610ed4c24693b985f80eda16eb67/
Making request. Method: eth_accounts
Making request HTTP. URI: https://sepolia.infura.io/v3/9301610ed4c24693b985f80eda16eb67/, Method: eth_accounts
Session cached: https://sepolia.infura.io/v3/9301610ed4c24693b985f80eda16eb67/, <requests.sessions.Session object at 0x7f4488f29b50>
Starting new HTTPS connection (1): sepolia.infura.io:443
https://sepolia.infura.io:443 "POST /v3/9301610ed4c24693b985f80eda16eb67/ HTTP/1.1" 401 31
Making request HTTP. URI: https://sepolia.infura.io/v3/9301610ed4c24693b985f80eda16eb67/, Method: eth_accounts
https://sepolia.infura.io:443 "POST /v3/9301610ed4c24693b985f80eda16eb67/ HTTP/1.1" 401 31
Making request HTTP. URI: https://sepolia.infura.io/v3/9301610ed4c24693b985f80eda16eb67/, Method: eth_accounts
https://sepolia.infura.io:443 "POST /v3/9301610ed4c24693b985f80eda16eb67/ HTTP/1.1" 401 31
Making request HTTP. URI: https://sepolia.infura.io/v3/9301610ed4c24693b985f80eda16eb67/, Method: eth_accounts
https://sepolia.infura.io:443 "POST /v3/9301610ed4c24693b985f80eda16eb67/ HTTP/1.1" 401 31
Making request HTTP. URI: https://sepolia.infura.io/v3/9301610ed4c24693b985f80eda16eb67/, Method: eth_accounts
https://sepolia.infura.io:443 "POST /v3/9301610ed4c24693b985f80eda16eb67/ HTTP/1.1" 401 31
Error: 401 Client Error: Unauthorized for url: https://sepolia.infura.io/v3/9301610ed4c24693b985f80eda16eb67/
Consider installing rusty-rlp to improve pyrlp performance with a rust basedbackend. Not currently functional for Python 3.11
Consider installing rusty-rlp to improve pyrlp performance with a rust basedbackend. Not currently functional for Python 3.11
Consider installing rusty-rlp to improve pyrlp performance with a rust basedbackend. Not currently functional for Python 3.11
Setting up Web3 and contract instance
Initializing Web3 with HTTPProvider at URL: https://sepolia.infura.io/v3/9301610ed4c24693b985f80eda16eb67/
Initializing Web3 with HTTPProvider at URL: https://sepolia.infura.io/v3/9301610ed4c24693b985f80eda16eb67/
An error occurred in setup_web3_and_contract: 'Web3' object has no attribute 'isConnected'
Error: 'NoneType' object has no attribute 'functions'
Consider installing rusty-rlp to improve pyrlp performance with a rust basedbackend. Not currently functional for Python 3.11
Consider installing rusty-rlp to improve pyrlp performance with a rust basedbackend. Not currently functional for Python 3.11
Consider installing rusty-rlp to improve pyrlp performance with a rust basedbackend. Not currently functional for Python 3.11
Setting up Web3 and contract instance
Initializing Web3 with HTTPProvider at URL: https://sepolia.infura.io/v3/9301610ed4c24693b985f80eda16eb67/
Initializing Web3 with HTTPProvider at URL: https://sepolia.infura.io/v3/9301610ed4c24693b985f80eda16eb67/
An error occurred in setup_web3_and_contract: 'Web3' object has no attribute 'isConnected'
Error: 'NoneType' object has no attribute 'functions'
Consider installing rusty-rlp to improve pyrlp performance with a rust basedbackend. Not currently functional for Python 3.11
Consider installing rusty-rlp to improve pyrlp performance with a rust basedbackend. Not currently functional for Python 3.11
Consider installing rusty-rlp to improve pyrlp performance with a rust basedbackend. Not currently functional for Python 3.11
Setting up Web3 and contract instance
Initializing Web3 with HTTPProvider at URL: https://sepolia.infura.io/v3/9301610ed4c24693b985f80eda16eb67/
Initializing Web3 with HTTPProvider at URL: https://sepolia.infura.io/v3/9301610ed4c24693b985f80eda16eb67/
Making request. Method: eth_accounts
Making request HTTP. URI: https://sepolia.infura.io/v3/9301610ed4c24693b985f80eda16eb67/, Method: eth_accounts
Session cached: https://sepolia.infura.io/v3/9301610ed4c24693b985f80eda16eb67/, <requests.sessions.Session object at 0x7ffa5e127230>
Starting new HTTPS connection (1): sepolia.infura.io:443
https://sepolia.infura.io:443 "POST /v3/9301610ed4c24693b985f80eda16eb67/ HTTP/1.1" 401 31
Making request HTTP. URI: https://sepolia.infura.io/v3/9301610ed4c24693b985f80eda16eb67/, Method: eth_accounts
https://sepolia.infura.io:443 "POST /v3/9301610ed4c24693b985f80eda16eb67/ HTTP/1.1" 401 31
Making request HTTP. URI: https://sepolia.infura.io/v3/9301610ed4c24693b985f80eda16eb67/, Method: eth_accounts
https://sepolia.infura.io:443 "POST /v3/9301610ed4c24693b985f80eda16eb67/ HTTP/1.1" 401 31
Making request HTTP. URI: https://sepolia.infura.io/v3/9301610ed4c24693b985f80eda16eb67/, Method: eth_accounts
https://sepolia.infura.io:443 "POST /v3/9301610ed4c24693b985f80eda16eb67/ HTTP/1.1" 401 31
Making request HTTP. URI: https://sepolia.infura.io/v3/9301610ed4c24693b985f80eda16eb67/, Method: eth_accounts
https://sepolia.infura.io:443 "POST /v3/9301610ed4c24693b985f80eda16eb67/ HTTP/1.1" 401 31
An error occurred in setup_web3_and_contract: 401 Client Error: Unauthorized for url: https://sepolia.infura.io/v3/9301610ed4c24693b985f80eda16eb67/
Error: 'NoneType' object has no attribute 'functions'
Consider installing rusty-rlp to improve pyrlp performance with a rust basedbackend. Not currently functional for Python 3.11
Consider installing rusty-rlp to improve pyrlp performance with a rust basedbackend. Not currently functional for Python 3.11
Consider installing rusty-rlp to improve pyrlp performance with a rust basedbackend. Not currently functional for Python 3.11
Setting up Web3 and contract instance
Initializing Web3 with HTTPProvider at URL: https://sepolia.infura.io/v3/9301610ed4c24693b985f80eda16eb67/
Initializing Web3 with HTTPProvider at URL: https://sepolia.infura.io/v3/9301610ed4c24693b985f80eda16eb67/
Checking if Web3 instance is connected to the network
Error while getting the latest block: 'Eth' object has no attribute 'getBlock'
Making request. Method: eth_accounts
Making request HTTP. URI: https://sepolia.infura.io/v3/9301610ed4c24693b985f80eda16eb67/, Method: eth_accounts
Session cached: https://sepolia.infura.io/v3/9301610ed4c24693b985f80eda16eb67/, <requests.sessions.Session object at 0x7f84804d4230>
Starting new HTTPS connection (1): sepolia.infura.io:443
https://sepolia.infura.io:443 "POST /v3/9301610ed4c24693b985f80eda16eb67/ HTTP/1.1" 401 31
Making request HTTP. URI: https://sepolia.infura.io/v3/9301610ed4c24693b985f80eda16eb67/, Method: eth_accounts
https://sepolia.infura.io:443 "POST /v3/9301610ed4c24693b985f80eda16eb67/ HTTP/1.1" 401 31
Making request HTTP. URI: https://sepolia.infura.io/v3/9301610ed4c24693b985f80eda16eb67/, Method: eth_accounts
https://sepolia.infura.io:443 "POST /v3/9301610ed4c24693b985f80eda16eb67/ HTTP/1.1" 401 31
Making request HTTP. URI: https://sepolia.infura.io/v3/9301610ed4c24693b985f80eda16eb67/, Method: eth_accounts
https://sepolia.infura.io:443 "POST /v3/9301610ed4c24693b985f80eda16eb67/ HTTP/1.1" 401 31
Making request HTTP. URI: https://sepolia.infura.io/v3/9301610ed4c24693b985f80eda16eb67/, Method: eth_accounts
https://sepolia.infura.io:443 "POST /v3/9301610ed4c24693b985f80eda16eb67/ HTTP/1.1" 401 31
An error occurred in setup_web3_and_contract: 401 Client Error: Unauthorized for url: https://sepolia.infura.io/v3/9301610ed4c24693b985f80eda16eb67/
Error: 'NoneType' object has no attribute 'functions'
Setting up Web3 and contract instance
Initializing Web3 with HTTPProvider at URL: https://sepolia.infura.io/v3/9301610ed4c24693b985f80eda16eb67/
Initializing Web3 with HTTPProvider at URL: https://sepolia.infura.io/v3/9301610ed4c24693b985f80eda16eb67/
Checking if Web3 instance is connected to the network
Error while getting the latest block: 'Eth' object has no attribute 'getBlock'
Making request. Method: eth_accounts
Making request HTTP. URI: https://sepolia.infura.io/v3/9301610ed4c24693b985f80eda16eb67/, Method: eth_accounts
Session cached: https://sepolia.infura.io/v3/9301610ed4c24693b985f80eda16eb67/, <requests.sessions.Session object at 0x7f8480382750>
Starting new HTTPS connection (1): sepolia.infura.io:443
https://sepolia.infura.io:443 "POST /v3/9301610ed4c24693b985f80eda16eb67/ HTTP/1.1" 401 31
Making request HTTP. URI: https://sepolia.infura.io/v3/9301610ed4c24693b985f80eda16eb67/, Method: eth_accounts
https://sepolia.infura.io:443 "POST /v3/9301610ed4c24693b985f80eda16eb67/ HTTP/1.1" 401 31
Making request HTTP. URI: https://sepolia.infura.io/v3/9301610ed4c24693b985f80eda16eb67/, Method: eth_accounts
https://sepolia.infura.io:443 "POST /v3/9301610ed4c24693b985f80eda16eb67/ HTTP/1.1" 401 31
Making request HTTP. URI: https://sepolia.infura.io/v3/9301610ed4c24693b985f80eda16eb67/, Method: eth_accounts
https://sepolia.infura.io:443 "POST /v3/9301610ed4c24693b985f80eda16eb67/ HTTP/1.1" 401 31
Making request HTTP. URI: https://sepolia.infura.io/v3/9301610ed4c24693b985f80eda16eb67/, Method: eth_accounts
https://sepolia.infura.io:443 "POST /v3/9301610ed4c24693b985f80eda16eb67/ HTTP/1.1" 401 31
An error occurred in setup_web3_and_contract: 401 Client Error: Unauthorized for url: https://sepolia.infura.io/v3/9301610ed4c24693b985f80eda16eb67/
Error: 'NoneType' object has no attribute 'functions'
Consider installing rusty-rlp to improve pyrlp performance with a rust basedbackend. Not currently functional for Python 3.11
Consider installing rusty-rlp to improve pyrlp performance with a rust basedbackend. Not currently functional for Python 3.11
Consider installing rusty-rlp to improve pyrlp performance with a rust basedbackend. Not currently functional for Python 3.11
Setting up Web3 and contract instance
Initializing Web3 with HTTPProvider at URL: https://sepolia.infura.io/v3/9301610ed4c24693b985f80eda16eb67/
Initializing Web3 with HTTPProvider at URL: https://sepolia.infura.io/v3/9301610ed4c24693b985f80eda16eb67/
Checking if Web3 instance is connected to the network
Error while getting the latest block: 'Eth' object has no attribute 'getBlock'
Making request. Method: eth_accounts
Making request HTTP. URI: https://sepolia.infura.io/v3/9301610ed4c24693b985f80eda16eb67/, Method: eth_accounts
Session cached: https://sepolia.infura.io/v3/9301610ed4c24693b985f80eda16eb67/, <requests.sessions.Session object at 0x7fd76bb3aed0>
Starting new HTTPS connection (1): sepolia.infura.io:443
https://sepolia.infura.io:443 "POST /v3/9301610ed4c24693b985f80eda16eb67/ HTTP/1.1" 401 31
Making request HTTP. URI: https://sepolia.infura.io/v3/9301610ed4c24693b985f80eda16eb67/, Method: eth_accounts
https://sepolia.infura.io:443 "POST /v3/9301610ed4c24693b985f80eda16eb67/ HTTP/1.1" 401 31
Making request HTTP. URI: https://sepolia.infura.io/v3/9301610ed4c24693b985f80eda16eb67/, Method: eth_accounts
https://sepolia.infura.io:443 "POST /v3/9301610ed4c24693b985f80eda16eb67/ HTTP/1.1" 401 31
Making request HTTP. URI: https://sepolia.infura.io/v3/9301610ed4c24693b985f80eda16eb67/, Method: eth_accounts
https://sepolia.infura.io:443 "POST /v3/9301610ed4c24693b985f80eda16eb67/ HTTP/1.1" 401 31
Making request HTTP. URI: https://sepolia.infura.io/v3/9301610ed4c24693b985f80eda16eb67/, Method: eth_accounts
https://sepolia.infura.io:443 "POST /v3/9301610ed4c24693b985f80eda16eb67/ HTTP/1.1" 401 31
An error occurred in setup_web3_and_contract: 401 Client Error: Unauthorized for url: https://sepolia.infura.io/v3/9301610ed4c24693b985f80eda16eb67/
Error: 'NoneType' object has no attribute 'functions'
Consider installing rusty-rlp to improve pyrlp performance with a rust basedbackend. Not currently functional for Python 3.11
Consider installing rusty-rlp to improve pyrlp performance with a rust basedbackend. Not currently functional for Python 3.11
Consider installing rusty-rlp to improve pyrlp performance with a rust basedbackend. Not currently functional for Python 3.11
Consider installing rusty-rlp to improve pyrlp performance with a rust basedbackend. Not currently functional for Python 3.11
Consider installing rusty-rlp to improve pyrlp performance with a rust basedbackend. Not currently functional for Python 3.11
Setting up Web3 and contract instance
Initializing Web3 with HTTPProvider at URL: https://sepolia.infura.io/v3/9301610ed4c24693b985f80eda16eb67/
Initializing Web3 with HTTPProvider at URL: https://sepolia.infura.io/v3/9301610ed4c24693b985f80eda16eb67/
Web3 instance created: <web3.main.Web3 object at 0x7f3416450590>
An error occurred in setup_web3_and_contract: 'Web3' object has no attribute 'providers'
Error: 'NoneType' object has no attribute 'functions'
Consider installing rusty-rlp to improve pyrlp performance with a rust basedbackend. Not currently functional for Python 3.11
Consider installing rusty-rlp to improve pyrlp performance with a rust basedbackend. Not currently functional for Python 3.11
Consider installing rusty-rlp to improve pyrlp performance with a rust basedbackend. Not currently functional for Python 3.11
Setting up Web3 and contract instance
Initializing Web3 with HTTPProvider at URL: https://sepolia.infura.io/v3/9301610ed4c24693b985f80eda16eb67/
Initializing Web3 with HTTPProvider at URL: https://sepolia.infura.io/v3/9301610ed4c24693b985f80eda16eb67/
Web3 instance created: <web3.main.Web3 object at 0x7f4165d0e9f0>
An error occurred in setup_web3_and_contract: 'Web3' object has no attribute 'isConnected'
Error: 'NoneType' object has no attribute 'functions'
Consider installing rusty-rlp to improve pyrlp performance with a rust basedbackend. Not currently functional for Python 3.11
Setting up Web3 and contract instance
Initializing Web3 with HTTPProvider at URL: https://sepolia.infura.io/v3/9301610ed4c24693b985f80eda16eb67/
Initializing Web3 with HTTPProvider at URL: https://sepolia.infura.io/v3/9301610ed4c24693b985f80eda16eb67/
Web3 instance created: <web3.main.Web3 object at 0x7f4165d0e9f0>
An error occurred in setup_web3_and_contract: 'Web3' object has no attribute 'isConnected'
Error: 'NoneType' object has no attribute 'functions'
Consider installing rusty-rlp to improve pyrlp performance with a rust basedbackend. Not currently functional for Python 3.11
Consider installing rusty-rlp to improve pyrlp performance with a rust basedbackend. Not currently functional for Python 3.11
Consider installing rusty-rlp to improve pyrlp performance with a rust basedbackend. Not currently functional for Python 3.11
Setting up Web3 and contract instance
Initializing Web3 with HTTPProvider at URL: https://sepolia.infura.io/v3/9301610ed4c24693b985f80eda16eb67/
Initializing Web3 with HTTPProvider at URL: https://sepolia.infura.io/v3/9301610ed4c24693b985f80eda16eb67/
Web3 instance created: <web3.main.Web3 object at 0x7f9b38bee5d0>
An error occurred in setup_web3_and_contract: 'Web3' object has no attribute 'isConnected'
Error: 'NoneType' object has no attribute 'functions'
Setting up Web3 and contract instance
Initializing Web3 with HTTPProvider at URL: https://sepolia.infura.io/v3/9301610ed4c24693b985f80eda16eb67/
Initializing Web3 with HTTPProvider at URL: https://sepolia.infura.io/v3/9301610ed4c24693b985f80eda16eb67/
Web3 instance created: <web3.main.Web3 object at 0x7f9b389d4320>
An error occurred in setup_web3_and_contract: 'Web3' object has no attribute 'isConnected'
Error: 'NoneType' object has no attribute 'functions'
Consider installing rusty-rlp to improve pyrlp performance with a rust basedbackend. Not currently functional for Python 3.11
Setting up Web3 and contract instance
Initializing Web3 with HTTPProvider at URL: https://sepolia.infura.io/v3/9301610ed4c24693b985f80eda16eb67/
Initializing Web3 with HTTPProvider at URL: https://sepolia.infura.io/v3/9301610ed4c24693b985f80eda16eb67/
Web3 instance created: <web3.main.Web3 object at 0x7f9b38bee5d0>
An error occurred in setup_web3_and_contract: 'Web3' object has no attribute 'isConnected'
Error: 'NoneType' object has no attribute 'functions'
Consider installing rusty-rlp to improve pyrlp performance with a rust basedbackend. Not currently functional for Python 3.11
Consider installing rusty-rlp to improve pyrlp performance with a rust basedbackend. Not currently functional for Python 3.11
Consider installing rusty-rlp to improve pyrlp performance with a rust basedbackend. Not currently functional for Python 3.11
Setting up Web3 and contract instance
Initializing Web3 with HTTPProvider at URL: https://sepolia.infura.io/v3/9301610ed4c24693b985f80eda16eb67/
Initializing Web3 with HTTPProvider at URL: https://sepolia.infura.io/v3/9301610ed4c24693b985f80eda16eb67/
Web3 instance created: <web3.main.Web3 object at 0x7f7ae1c6a690>
Failed to connect to the network: 'Eth' object has no attribute 'blockNumber'
An error occurred in setup_web3_and_contract: 'Eth' object has no attribute 'blockNumber'
Error: 'NoneType' object has no attribute 'functions'
Consider installing rusty-rlp to improve pyrlp performance with a rust basedbackend. Not currently functional for Python 3.11
Consider installing rusty-rlp to improve pyrlp performance with a rust basedbackend. Not currently functional for Python 3.11
Consider installing rusty-rlp to improve pyrlp performance with a rust basedbackend. Not currently functional for Python 3.11
Setting up Web3 and contract instance
Initializing Web3 with HTTPProvider at URL: https://sepolia.infura.io/v3/9301610ed4c24693b985f80eda16eb67/
Initializing Web3 with HTTPProvider at URL: https://sepolia.infura.io/v3/9301610ed4c24693b985f80eda16eb67/
Web3 instance created: <web3.main.Web3 object at 0x7ff1c7db35c0>
Making request. Method: eth_blockNumber
Making request HTTP. URI: https://sepolia.infura.io/v3/9301610ed4c24693b985f80eda16eb67/, Method: eth_blockNumber
Session cached: https://sepolia.infura.io/v3/9301610ed4c24693b985f80eda16eb67/, <requests.sessions.Session object at 0x7ff1c7ffba10>
Starting new HTTPS connection (1): sepolia.infura.io:443
https://sepolia.infura.io:443 "POST /v3/9301610ed4c24693b985f80eda16eb67/ HTTP/1.1" 401 31
Making request HTTP. URI: https://sepolia.infura.io/v3/9301610ed4c24693b985f80eda16eb67/, Method: eth_blockNumber
https://sepolia.infura.io:443 "POST /v3/9301610ed4c24693b985f80eda16eb67/ HTTP/1.1" 401 31
Making request HTTP. URI: https://sepolia.infura.io/v3/9301610ed4c24693b985f80eda16eb67/, Method: eth_blockNumber
https://sepolia.infura.io:443 "POST /v3/9301610ed4c24693b985f80eda16eb67/ HTTP/1.1" 401 31
Making request HTTP. URI: https://sepolia.infura.io/v3/9301610ed4c24693b985f80eda16eb67/, Method: eth_blockNumber
https://sepolia.infura.io:443 "POST /v3/9301610ed4c24693b985f80eda16eb67/ HTTP/1.1" 401 31
Making request HTTP. URI: https://sepolia.infura.io/v3/9301610ed4c24693b985f80eda16eb67/, Method: eth_blockNumber
https://sepolia.infura.io:443 "POST /v3/9301610ed4c24693b985f80eda16eb67/ HTTP/1.1" 401 31
Failed to connect to the network: 401 Client Error: Unauthorized for url: https://sepolia.infura.io/v3/9301610ed4c24693b985f80eda16eb67/
An error occurred in setup_web3_and_contract: 401 Client Error: Unauthorized for url: https://sepolia.infura.io/v3/9301610ed4c24693b985f80eda16eb67/
Error: 'NoneType' object has no attribute 'functions'
Consider installing rusty-rlp to improve pyrlp performance with a rust basedbackend. Not currently functional for Python 3.11
Setting up Web3 and contract instance
Initializing Web3 with HTTPProvider at URL: https://sepolia.infura.io/v3/9301610ed4c24693b985f80eda16eb67/
Initializing Web3 with HTTPProvider at URL: https://sepolia.infura.io/v3/9301610ed4c24693b985f80eda16eb67/
Web3 instance created: <web3.main.Web3 object at 0x7ff1c7ff0590>
Making request. Method: eth_blockNumber
Making request HTTP. URI: https://sepolia.infura.io/v3/9301610ed4c24693b985f80eda16eb67/, Method: eth_blockNumber
Session cached: https://sepolia.infura.io/v3/9301610ed4c24693b985f80eda16eb67/, <requests.sessions.Session object at 0x7ff1c7f2fe30>
Starting new HTTPS connection (1): sepolia.infura.io:443
https://sepolia.infura.io:443 "POST /v3/9301610ed4c24693b985f80eda16eb67/ HTTP/1.1" 401 31
Making request HTTP. URI: https://sepolia.infura.io/v3/9301610ed4c24693b985f80eda16eb67/, Method: eth_blockNumber
https://sepolia.infura.io:443 "POST /v3/9301610ed4c24693b985f80eda16eb67/ HTTP/1.1" 401 31
Making request HTTP. URI: https://sepolia.infura.io/v3/9301610ed4c24693b985f80eda16eb67/, Method: eth_blockNumber
https://sepolia.infura.io:443 "POST /v3/9301610ed4c24693b985f80eda16eb67/ HTTP/1.1" 401 31
Making request HTTP. URI: https://sepolia.infura.io/v3/9301610ed4c24693b985f80eda16eb67/, Method: eth_blockNumber
https://sepolia.infura.io:443 "POST /v3/9301610ed4c24693b985f80eda16eb67/ HTTP/1.1" 401 31
Making request HTTP. URI: https://sepolia.infura.io/v3/9301610ed4c24693b985f80eda16eb67/, Method: eth_blockNumber
https://sepolia.infura.io:443 "POST /v3/9301610ed4c24693b985f80eda16eb67/ HTTP/1.1" 401 31
Failed to connect to the network: 401 Client Error: Unauthorized for url: https://sepolia.infura.io/v3/9301610ed4c24693b985f80eda16eb67/
An error occurred in setup_web3_and_contract: 401 Client Error: Unauthorized for url: https://sepolia.infura.io/v3/9301610ed4c24693b985f80eda16eb67/
Error: 'NoneType' object has no attribute 'functions'
